{"/Users/burhan/Documents/Development/learning/leetcode/src/array/pivot_array/pivot_array.ts": {"path":"/Users/burhan/Documents/Development/learning/leetcode/src/array/pivot_array/pivot_array.ts","statementMap":{"0":{"start":{"line":5,"column":18},"end":{"line":5,"column":19}},"1":{"start":{"line":6,"column":19},"end":{"line":6,"column":20}},"2":{"start":{"line":7,"column":18},"end":{"line":7,"column":46}},"3":{"start":{"line":7,"column":40},"end":{"line":7,"column":46}},"4":{"start":{"line":8,"column":4},"end":{"line":15,"column":null}},"5":{"start":{"line":8,"column":21},"end":{"line":8,"column":22}},"6":{"start":{"line":9,"column":8},"end":{"line":9,"column":null}},"7":{"start":{"line":10,"column":8},"end":{"line":12,"column":null}},"8":{"start":{"line":11,"column":12},"end":{"line":11,"column":null}},"9":{"start":{"line":14,"column":8},"end":{"line":14,"column":null}},"10":{"start":{"line":17,"column":4},"end":{"line":17,"column":null}},"11":{"start":{"line":3,"column":0},"end":{"line":3,"column":16}}},"fnMap":{"0":{"name":"pivotIndex","decl":{"start":{"line":3,"column":16},"end":{"line":3,"column":26}},"loc":{"start":{"line":3,"column":41},"end":{"line":18,"column":1}}},"1":{"name":"(anonymous_1)","decl":{"start":{"line":7,"column":30},"end":{"line":7,"column":31}},"loc":{"start":{"line":7,"column":35},"end":{"line":7,"column":41}}}},"branchMap":{"0":{"loc":{"start":{"line":10,"column":8},"end":{"line":12,"column":null}},"type":"if","locations":[{"start":{"line":10,"column":8},"end":{"line":12,"column":null}}]}},"s":{"0":1,"1":1,"2":1,"3":5,"4":1,"5":1,"6":4,"7":4,"8":1,"9":3,"10":0,"11":1},"f":{"0":1,"1":5},"b":{"0":[1]}}
}
